mode: set
github.com/trecknotrack/bookings/internal/render/render.go:21.40,23.2 1 1
github.com/trecknotrack/bookings/internal/render/render.go:26.84,32.2 5 1
github.com/trecknotrack/bookings/internal/render/render.go:35.105,38.18 2 1
github.com/trecknotrack/bookings/internal/render/render.go:50.2,52.9 2 1
github.com/trecknotrack/bookings/internal/render/render.go:56.2,63.16 5 1
github.com/trecknotrack/bookings/internal/render/render.go:68.2,68.12 1 1
github.com/trecknotrack/bookings/internal/render/render.go:38.18,42.3 1 0
github.com/trecknotrack/bookings/internal/render/render.go:42.8,44.3 1 1
github.com/trecknotrack/bookings/internal/render/render.go:52.9,54.3 1 1
github.com/trecknotrack/bookings/internal/render/render.go:63.16,66.3 2 0
github.com/trecknotrack/bookings/internal/render/render.go:78.67,83.16 3 1
github.com/trecknotrack/bookings/internal/render/render.go:87.2,87.29 1 1
github.com/trecknotrack/bookings/internal/render/render.go:110.2,110.21 1 1
github.com/trecknotrack/bookings/internal/render/render.go:83.16,85.3 1 0
github.com/trecknotrack/bookings/internal/render/render.go:87.29,93.17 3 1
github.com/trecknotrack/bookings/internal/render/render.go:97.3,98.17 2 1
github.com/trecknotrack/bookings/internal/render/render.go:102.3,102.23 1 1
github.com/trecknotrack/bookings/internal/render/render.go:108.3,108.21 1 1
github.com/trecknotrack/bookings/internal/render/render.go:93.17,95.4 1 0
github.com/trecknotrack/bookings/internal/render/render.go:98.17,100.4 1 0
github.com/trecknotrack/bookings/internal/render/render.go:102.23,104.18 2 1
github.com/trecknotrack/bookings/internal/render/render.go:104.18,106.5 1 0
